Running: fuse.exe -relaunch -intstyle "ise" -incremental -lib "unisims_ver" -lib "unimacro_ver" -lib "xilinxcorelib_ver" -lib "secureip" -o "E:/CZ3001_Lab_Drei/CZ3001_Lab_Vier/testBench_isim_beh.exe" -prj "E:/CZ3001_Lab_Drei/CZ3001_Lab_Vier/testBench_beh.prj" "work.testBench" "work.glbl" 
ISim P.49d (signature 0x7708f090)
Number of CPUs detected in this system: 8
Turning on mult-threading, number of parallel sub-compilation jobs: 16 
Determining compilation order of HDL files
Analyzing Verilog file "E:/CZ3001_Lab_Drei/CZ3001_Lab_Vier/regfile.v" into library work
Analyzing Verilog file "E:/CZ3001_Lab_Drei/CZ3001_Lab_Vier/PC.v" into library work
Analyzing Verilog file "E:/CZ3001_Lab_Drei/CZ3001_Lab_Vier/MEM_WBstage.v" into library work
Analyzing Verilog file "E:/CZ3001_Lab_Drei/CZ3001_Lab_Vier/memory.v" into library work
Analyzing Verilog file "E:/CZ3001_Lab_Drei/CZ3001_Lab_Vier/ID_EXEstage.v" into library work
Analyzing Verilog file "E:/CZ3001_Lab_Drei/CZ3001_Lab_Vier/EXE_MEMstage.v" into library work
Analyzing Verilog file "E:/CZ3001_Lab_Drei/CZ3001_Lab_Vier/control.v" into library work
Analyzing Verilog file "E:/CZ3001_Lab_Drei/CZ3001_Lab_Vier/alu.v" into library work
Analyzing Verilog file "E:/CZ3001_Lab_Drei/CZ3001_Lab_Vier/pipelined_regfile_5stage.v" into library work
Analyzing Verilog file "E:/CZ3001_Lab_Drei/CZ3001_Lab_Vier/testBench.v" into library work
Analyzing Verilog file "C:/Xilinx/14.4/ISE_DS/ISE//verilog/src/glbl.v" into library work
Starting static elaboration
Completed static elaboration
Compiling module PC1
Compiling module memory
Compiling module control
Compiling module regfile
Compiling module ID_EXE_stage
Compiling module alu
Compiling module EXE_MEM_stage
Compiling module MEM_WB_stage
Compiling module pipelined_regfile_5stage
Compiling module testBench
Compiling module glbl
Time Resolution for simulation is 1ps.
Waiting for 1 sub-compilation(s) to finish...
Compiled 11 Verilog Units
Built simulation executable E:/CZ3001_Lab_Drei/CZ3001_Lab_Vier/testBench_isim_beh.exe
Fuse Memory Usage: 29956 KB
Fuse CPU Usage: 514 ms
